2024-03-01 15:45:28,938 - __main__ - INFO - Se configuro el LOGGING
2024-03-01 15:45:28,939 - __main__ - INFO - Getting Weather Data
2024-03-01 15:45:28,939 - __main__ - INFO - Coor. Latitude: -34.709396
2024-03-01 15:45:28,939 - __main__ - INFO - Coor. Longitud: -58.279639
2024-03-01 15:45:28,939 - __main__ - INFO - Date From: 2024-01-31
2024-03-01 15:45:28,940 - __main__ - INFO - Date To: 2024-02-29
2024-03-01 15:45:30,126 - __main__ - INFO - Read OK
2024-03-01 15:45:36,054 - __main__ - INFO - Connection - OK
2024-03-01 15:47:58,323 - __main__ - INFO - Reading Reg: 720
2024-03-01 15:47:58,323 - __main__ - INFO - Add Rows - OK
2024-03-08 10:33:35,568 - __main__ - INFO - Se configuro el LOGGING
2024-03-08 10:33:35,568 - __main__ - INFO - Getting Weather Data
2024-03-08 10:33:35,571 - __main__ - INFO - Coor. Latitude: -34.709396
2024-03-08 10:33:35,571 - __main__ - INFO - Coor. Longitud: -58.279639
2024-03-08 10:33:35,571 - __main__ - INFO - Date From: 2024-03-06
2024-03-08 10:33:35,571 - __main__ - INFO - Date To: 2024-03-07
2024-03-08 10:33:36,490 - __main__ - INFO - Read Weather OK
2024-03-08 10:33:36,492 - __main__ - INFO - JSON->DF OK
2024-03-08 10:33:36,505 - __main__ - ERROR - can only concatenate str (not "NoneType") to str
2024-03-08 10:36:07,582 - __main__ - INFO - Se configuro el LOGGING
2024-03-08 10:36:07,582 - __main__ - INFO - Getting Weather Data
2024-03-08 10:36:07,582 - __main__ - INFO - Coor. Latitude: -34.709396
2024-03-08 10:36:07,582 - __main__ - INFO - Coor. Longitud: -58.279639
2024-03-08 10:36:07,583 - __main__ - INFO - Date From: 2024-03-06
2024-03-08 10:36:07,583 - __main__ - INFO - Date To: 2024-03-07
2024-03-08 10:36:08,484 - __main__ - INFO - Read Weather OK
2024-03-08 10:36:08,487 - __main__ - INFO - JSON->DF OK
2024-03-08 10:36:08,498 - __main__ - ERROR - can only concatenate str (not "NoneType") to str
2024-03-08 11:01:27,188 - __main__ - INFO - Se configuro el LOGGING
2024-03-08 11:01:27,188 - __main__ - INFO - Getting Weather Data
2024-03-08 11:01:27,188 - __main__ - INFO - Coor. Latitude: -34.709396
2024-03-08 11:01:27,188 - __main__ - INFO - Coor. Longitud: -58.279639
2024-03-08 11:01:27,189 - __main__ - INFO - Date From: 2024-03-06
2024-03-08 11:01:27,189 - __main__ - INFO - Date To: 2024-03-07
2024-03-08 11:01:28,374 - __main__ - INFO - Read Weather OK
2024-03-08 11:01:28,386 - __main__ - INFO - JSON->DF OK
2024-03-08 11:01:35,866 - __main__ - ERROR - (psycopg2.OperationalError) connection to server at "data-engineer-cluster.cyhh5bfevlmn.us-east-1.redshift.amazonaws.com" (52.44.43.227), port 5439 failed: FATAL:  database "None" does not exist

(Background on this error at: https://sqlalche.me/e/14/e3q8)
2024-03-08 11:05:04,802 - __main__ - INFO - Se configuro el LOGGING
2024-03-08 11:05:04,802 - __main__ - INFO - Getting Weather Data
2024-03-08 11:05:04,802 - __main__ - INFO - Coor. Latitude: -34.709396
2024-03-08 11:05:04,802 - __main__ - INFO - Coor. Longitud: -58.279639
2024-03-08 11:05:04,803 - __main__ - INFO - Date From: 2024-03-06
2024-03-08 11:05:04,803 - __main__ - INFO - Date To: 2024-03-07
2024-03-08 11:05:05,732 - __main__ - INFO - Read Weather OK
2024-03-08 11:05:05,733 - __main__ - INFO - JSON->DF OK
2024-03-08 11:05:09,901 - __main__ - INFO - Connection - OK
2024-03-08 11:05:22,598 - __main__ - INFO - Reading Reg: 48
2024-03-08 11:05:22,598 - __main__ - INFO - Add Rows - OK
